************************** running /home/hadoop/work/monitor/shell_hadoop_monitor/hadoop_monitor.sh START in 2015/05/29/00:00:02 **************************
************************** running /home/hadoop/work/monitor/shell_hadoop_monitor/hadoop_monitor.sh START in 2015/05/29/01:00:01 **************************
************************** running /home/hadoop/work/monitor/shell_hadoop_monitor/hadoop_monitor.sh START in 2015/05/29/02:00:02 **************************
************************** running /home/hadoop/work/monitor/shell_hadoop_monitor/hadoop_monitor.sh START in 2015/05/29/03:00:01 **************************
starting nodemanager, logging to /home/hadoop/hadoop-2.5.1/logs/yarn-hadoop-nodemanager-data11.module.prd.out
notify is start ...
gujiahong@biostime.com is sending mail ...
qiuhuali@biostime.com is sending mail ...
notify is end ...
************************** running /home/hadoop/work/monitor/shell_hadoop_monitor/hadoop_monitor.sh START in 2015/05/29/04:00:01 **************************
************************** running /home/hadoop/work/monitor/shell_hadoop_monitor/hadoop_monitor.sh START in 2015/05/29/05:00:01 **************************
************************** running /home/hadoop/work/monitor/shell_hadoop_monitor/hadoop_monitor.sh START in 2015/05/29/06:00:01 **************************
************************** running /home/hadoop/work/monitor/shell_hadoop_monitor/hadoop_monitor.sh START in 2015/05/29/07:00:01 **************************
************************** running /home/hadoop/work/monitor/shell_hadoop_monitor/hadoop_monitor.sh START in 2015/05/29/08:00:01 **************************
************************** running /home/hadoop/work/monitor/shell_hadoop_monitor/hadoop_monitor.sh START in 2015/05/29/09:00:01 **************************
************************** running /home/hadoop/work/monitor/shell_hadoop_monitor/hadoop_monitor.sh START in 2015/05/29/10:00:01 **************************
************************** running /home/hadoop/work/monitor/shell_hadoop_monitor/hadoop_monitor.sh START in 2015/05/29/11:00:01 **************************
************************** running /home/hadoop/work/monitor/shell_hadoop_monitor/hadoop_monitor.sh START in 2015/05/29/12:00:01 **************************
************************** running /home/hadoop/work/monitor/shell_hadoop_monitor/hadoop_monitor.sh START in 2015/05/29/13:00:01 **************************
************************** running /home/hadoop/work/monitor/shell_hadoop_monitor/hadoop_monitor.sh START in 2015/05/29/14:00:01 **************************
************************** running /home/hadoop/work/monitor/shell_hadoop_monitor/hadoop_monitor.sh START in 2015/05/29/15:00:01 **************************
************************** running /home/hadoop/work/monitor/shell_hadoop_monitor/hadoop_monitor.sh START in 2015/05/29/16:00:01 **************************
starting nodemanager, logging to /home/hadoop/hadoop-2.5.1/logs/yarn-hadoop-nodemanager-data11.module.prd.out
notify is start ...
gujiahong@biostime.com is sending mail ...
qiuhuali@biostime.com is sending mail ...
notify is end ...
starting nodemanager, logging to /home/hadoop/hadoop-2.5.1/logs/yarn-hadoop-nodemanager-data14.module.prd.out
notify is start ...
gujiahong@biostime.com is sending mail ...
qiuhuali@biostime.com is sending mail ...
notify is end ...
